<?xml version="1.0" encoding="UTF-8"?>
<coverage generated="1726147613339" clover="3.2.0">
  <project timestamp="1726147613339" name="All files">
    <metrics statements="45" coveredstatements="34" conditionals="10" coveredconditionals="4" methods="20" coveredmethods="9" elements="75" coveredelements="47" complexity="0" loc="45" ncloc="45" packages="2" files="9" classes="9"/>
    <package name="components">
      <metrics statements="27" coveredstatements="21" conditionals="10" coveredconditionals="4" methods="13" coveredmethods="7"/>
      <file name="ContactUs.js" path="D:\F Drive\My-Learnings\namasthe-reactjs-projects\reactjs-projects\swiggy\src\components\ContactUs.js">
        <metrics statements="2" coveredstatements="2" conditionals="0" coveredconditionals="0" methods="1" coveredmethods="1"/>
        <line num="7" count="1" type="stmt"/>
        <line num="8" count="4" type="stmt"/>
      </file>
      <file name="Header.js" path="D:\F Drive\My-Learnings\namasthe-reactjs-projects\reactjs-projects\swiggy\src\components\Header.js">
        <metrics statements="16" coveredstatements="12" conditionals="10" coveredconditionals="4" methods="8" coveredmethods="4"/>
        <line num="11" count="1" type="stmt"/>
        <line num="12" count="5" type="stmt"/>
        <line num="13" count="5" type="stmt"/>
        <line num="16" count="5" type="stmt"/>
        <line num="19" count="9" type="stmt"/>
        <line num="22" count="5" type="stmt"/>
        <line num="24" count="5" type="stmt"/>
        <line num="25" count="5" type="cond" truecount="1" falsecount="1"/>
        <line num="27" count="5" type="stmt"/>
        <line num="41" count="5" type="stmt"/>
        <line num="42" count="0" type="stmt"/>
        <line num="52" count="0" type="cond" truecount="0" falsecount="2"/>
        <line num="65" count="5" type="stmt"/>
        <line num="114" count="1" type="cond" truecount="1" falsecount="1"/>
        <line num="129" count="0" type="stmt"/>
        <line num="130" count="0" type="stmt"/>
      </file>
      <file name="RestaurantCard.js" path="D:\F Drive\My-Learnings\namasthe-reactjs-projects\reactjs-projects\swiggy\src\components\RestaurantCard.js">
        <metrics statements="7" coveredstatements="5" conditionals="0" coveredconditionals="0" methods="3" coveredmethods="1"/>
        <line num="5" count="1" type="stmt"/>
        <line num="6" count="1" type="stmt"/>
        <line num="9" count="1" type="stmt"/>
        <line num="13" count="1" type="stmt"/>
        <line num="41" count="1" type="stmt"/>
        <line num="42" count="0" type="stmt"/>
        <line num="43" count="0" type="stmt"/>
      </file>
      <file name="Sum.js" path="D:\F Drive\My-Learnings\namasthe-reactjs-projects\reactjs-projects\swiggy\src\components\Sum.js">
        <metrics statements="2" coveredstatements="2" conditionals="0" coveredconditionals="0" methods="1" coveredmethods="1"/>
        <line num="1" count="1" type="stmt"/>
        <line num="2" count="1" type="stmt"/>
      </file>
    </package>
    <package name="utils">
      <metrics statements="18" coveredstatements="13" conditionals="0" coveredconditionals="0" methods="7" coveredmethods="2"/>
      <file name="UserContext.js" path="D:\F Drive\My-Learnings\namasthe-reactjs-projects\reactjs-projects\swiggy\src\utils\UserContext.js">
        <metrics statements="1" coveredstatements="1" conditionals="0" coveredconditionals="0" methods="0" coveredmethods="0"/>
        <line num="4" count="1" type="stmt"/>
      </file>
      <file name="appStore.js" path="D:\F Drive\My-Learnings\namasthe-reactjs-projects\reactjs-projects\swiggy\src\utils\appStore.js">
        <metrics statements="1" coveredstatements="1" conditionals="0" coveredconditionals="0" methods="0" coveredmethods="0"/>
        <line num="4" count="1" type="stmt"/>
      </file>
      <file name="cartSlice.js" path="D:\F Drive\My-Learnings\namasthe-reactjs-projects\reactjs-projects\swiggy\src\utils\cartSlice.js">
        <metrics statements="5" coveredstatements="2" conditionals="0" coveredconditionals="0" methods="3" coveredmethods="0"/>
        <line num="3" count="1" type="stmt"/>
        <line num="10" count="0" type="stmt"/>
        <line num="13" count="0" type="stmt"/>
        <line num="16" count="0" type="stmt"/>
        <line num="21" count="1" type="stmt"/>
      </file>
      <file name="constants.js" path="D:\F Drive\My-Learnings\namasthe-reactjs-projects\reactjs-projects\swiggy\src\utils\constants.js">
        <metrics statements="3" coveredstatements="3" conditionals="0" coveredconditionals="0" methods="0" coveredmethods="0"/>
        <line num="1" count="2" type="stmt"/>
        <line num="2" count="2" type="stmt"/>
        <line num="4" count="2" type="stmt"/>
      </file>
      <file name="useOnlineStatus.js" path="D:\F Drive\My-Learnings\namasthe-reactjs-projects\reactjs-projects\swiggy\src\utils\useOnlineStatus.js">
        <metrics statements="8" coveredstatements="6" conditionals="0" coveredconditionals="0" methods="4" coveredmethods="2"/>
        <line num="3" count="1" type="stmt"/>
        <line num="5" count="5" type="stmt"/>
        <line num="8" count="5" type="stmt"/>
        <line num="9" count="4" type="stmt"/>
        <line num="10" count="0" type="stmt"/>
        <line num="13" count="4" type="stmt"/>
        <line num="14" count="0" type="stmt"/>
        <line num="21" count="5" type="stmt"/>
      </file>
    </package>
  </project>
</coverage>
