{"D:\\F Drive\\My-Learnings\\namasthe-reactjs-projects\\reactjs-projects\\swiggy\\src\\components\\Body.js": {"path":"D:\\F Drive\\My-Learnings\\namasthe-reactjs-projects\\reactjs-projects\\swiggy\\src\\components\\Body.js","statementMap":{"0":{"start":{"line":7,"column":13},"end":{"line":229,"column":1}},"1":{"start":{"line":9,"column":52},"end":{"line":9,"column":64}},"2":{"start":{"line":10,"column":56},"end":{"line":10,"column":68}},"3":{"start":{"line":11,"column":38},"end":{"line":11,"column":50}},"4":{"start":{"line":13,"column":38},"end":{"line":13,"column":49}},"5":{"start":{"line":14,"column":32},"end":{"line":14,"column":46}},"6":{"start":{"line":16,"column":33},"end":{"line":16,"column":66}},"7":{"start":{"line":18,"column":2},"end":{"line":18,"column":50}},"8":{"start":{"line":24,"column":2},"end":{"line":26,"column":19}},"9":{"start":{"line":25,"column":4},"end":{"line":25,"column":26}},"10":{"start":{"line":28,"column":20},"end":{"line":60,"column":3}},"11":{"start":{"line":29,"column":16},"end":{"line":31,"column":6}},"12":{"start":{"line":33,"column":4},"end":{"line":59,"column":5}},"13":{"start":{"line":34,"column":19},"end":{"line":34,"column":35}},"14":{"start":{"line":35,"column":19},"end":{"line":35,"column":36}},"15":{"start":{"line":37,"column":6},"end":{"line":40,"column":7}},"16":{"start":{"line":38,"column":8},"end":{"line":38,"column":66}},"17":{"start":{"line":39,"column":8},"end":{"line":39,"column":15}},"18":{"start":{"line":45,"column":8},"end":{"line":46,"column":29}},"19":{"start":{"line":48,"column":6},"end":{"line":51,"column":9}},"20":{"start":{"line":48,"column":48},"end":{"line":51,"column":7}},"21":{"start":{"line":52,"column":6},"end":{"line":55,"column":9}},"22":{"start":{"line":52,"column":47},"end":{"line":55,"column":7}},"23":{"start":{"line":56,"column":6},"end":{"line":56,"column":47}},"24":{"start":{"line":58,"column":6},"end":{"line":58,"column":51}},"25":{"start":{"line":66,"column":25},"end":{"line":70,"column":3}},"26":{"start":{"line":67,"column":4},"end":{"line":69,"column":5}},"27":{"start":{"line":68,"column":6},"end":{"line":68,"column":36}},"28":{"start":{"line":72,"column":23},"end":{"line":72,"column":40}},"29":{"start":{"line":73,"column":2},"end":{"line":80,"column":6}},"30":{"start":{"line":74,"column":4},"end":{"line":80,"column":6}},"31":{"start":{"line":82,"column":2},"end":{"line":228,"column":4}},"32":{"start":{"line":101,"column":18},"end":{"line":101,"column":48}},"33":{"start":{"line":111,"column":18},"end":{"line":119,"column":19}},"34":{"start":{"line":113,"column":40},"end":{"line":117,"column":21}},"35":{"start":{"line":114,"column":22},"end":{"line":116,"column":59}},"36":{"start":{"line":118,"column":20},"end":{"line":118,"column":56}},"37":{"start":{"line":130,"column":29},"end":{"line":130,"column":67}},"38":{"start":{"line":130,"column":63},"end":{"line":130,"column":66}},"39":{"start":{"line":132,"column":16},"end":{"line":132,"column":47}},"40":{"start":{"line":140,"column":33},"end":{"line":142,"column":17}},"41":{"start":{"line":141,"column":27},"end":{"line":141,"column":51}},"42":{"start":{"line":144,"column":16},"end":{"line":144,"column":51}},"43":{"start":{"line":152,"column":35},"end":{"line":154,"column":17}},"44":{"start":{"line":153,"column":27},"end":{"line":153,"column":57}},"45":{"start":{"line":156,"column":16},"end":{"line":156,"column":53}},"46":{"start":{"line":164,"column":30},"end":{"line":166,"column":17}},"47":{"start":{"line":165,"column":27},"end":{"line":165,"column":48}},"48":{"start":{"line":168,"column":16},"end":{"line":168,"column":48}},"49":{"start":{"line":191,"column":14},"end":{"line":208,"column":21}}},"fnMap":{"0":{"name":"(anonymous_0)","decl":{"start":{"line":7,"column":13},"end":{"line":7,"column":14}},"loc":{"start":{"line":7,"column":19},"end":{"line":229,"column":1}},"line":7},"1":{"name":"(anonymous_1)","decl":{"start":{"line":24,"column":12},"end":{"line":24,"column":13}},"loc":{"start":{"line":24,"column":18},"end":{"line":26,"column":3}},"line":24},"2":{"name":"(anonymous_2)","decl":{"start":{"line":28,"column":20},"end":{"line":28,"column":21}},"loc":{"start":{"line":28,"column":36},"end":{"line":60,"column":3}},"line":28},"3":{"name":"(anonymous_3)","decl":{"start":{"line":48,"column":27},"end":{"line":48,"column":28}},"loc":{"start":{"line":48,"column":48},"end":{"line":51,"column":7}},"line":48},"4":{"name":"(anonymous_4)","decl":{"start":{"line":52,"column":29},"end":{"line":52,"column":30}},"loc":{"start":{"line":52,"column":47},"end":{"line":55,"column":7}},"line":52},"5":{"name":"(anonymous_5)","decl":{"start":{"line":66,"column":25},"end":{"line":66,"column":26}},"loc":{"start":{"line":66,"column":31},"end":{"line":70,"column":3}},"line":66},"6":{"name":"(anonymous_6)","decl":{"start":{"line":99,"column":26},"end":{"line":99,"column":27}},"loc":{"start":{"line":99,"column":33},"end":{"line":102,"column":17}},"line":99},"7":{"name":"(anonymous_7)","decl":{"start":{"line":109,"column":25},"end":{"line":109,"column":26}},"loc":{"start":{"line":109,"column":31},"end":{"line":120,"column":17}},"line":109},"8":{"name":"(anonymous_8)","decl":{"start":{"line":113,"column":65},"end":{"line":113,"column":66}},"loc":{"start":{"line":114,"column":22},"end":{"line":116,"column":59}},"line":114},"9":{"name":"(anonymous_9)","decl":{"start":{"line":129,"column":23},"end":{"line":129,"column":24}},"loc":{"start":{"line":129,"column":29},"end":{"line":133,"column":15}},"line":129},"10":{"name":"(anonymous_10)","decl":{"start":{"line":130,"column":54},"end":{"line":130,"column":55}},"loc":{"start":{"line":130,"column":63},"end":{"line":130,"column":66}},"line":130},"11":{"name":"(anonymous_11)","decl":{"start":{"line":139,"column":23},"end":{"line":139,"column":24}},"loc":{"start":{"line":139,"column":29},"end":{"line":145,"column":15}},"line":139},"12":{"name":"(anonymous_12)","decl":{"start":{"line":141,"column":18},"end":{"line":141,"column":19}},"loc":{"start":{"line":141,"column":27},"end":{"line":141,"column":51}},"line":141},"13":{"name":"(anonymous_13)","decl":{"start":{"line":151,"column":23},"end":{"line":151,"column":24}},"loc":{"start":{"line":151,"column":29},"end":{"line":157,"column":15}},"line":151},"14":{"name":"(anonymous_14)","decl":{"start":{"line":153,"column":18},"end":{"line":153,"column":19}},"loc":{"start":{"line":153,"column":27},"end":{"line":153,"column":57}},"line":153},"15":{"name":"(anonymous_15)","decl":{"start":{"line":163,"column":23},"end":{"line":163,"column":24}},"loc":{"start":{"line":163,"column":29},"end":{"line":169,"column":15}},"line":163},"16":{"name":"(anonymous_16)","decl":{"start":{"line":165,"column":18},"end":{"line":165,"column":19}},"loc":{"start":{"line":165,"column":27},"end":{"line":165,"column":48}},"line":165},"17":{"name":"(anonymous_17)","decl":{"start":{"line":190,"column":36},"end":{"line":190,"column":37}},"loc":{"start":{"line":191,"column":14},"end":{"line":208,"column":21}},"line":191}},"branchMap":{"0":{"loc":{"start":{"line":37,"column":6},"end":{"line":40,"column":7}},"type":"if","locations":[{"start":{"line":37,"column":6},"end":{"line":40,"column":7}},{"start":{},"end":{}}],"line":37},"1":{"loc":{"start":{"line":45,"column":8},"end":{"line":46,"column":29}},"type":"binary-expr","locations":[{"start":{"line":45,"column":8},"end":{"line":46,"column":23}},{"start":{"line":46,"column":27},"end":{"line":46,"column":29}}],"line":45},"2":{"loc":{"start":{"line":67,"column":4},"end":{"line":69,"column":5}},"type":"if","locations":[{"start":{"line":67,"column":4},"end":{"line":69,"column":5}},{"start":{},"end":{}}],"line":67},"3":{"loc":{"start":{"line":73,"column":2},"end":{"line":80,"column":6}},"type":"if","locations":[{"start":{"line":73,"column":2},"end":{"line":80,"column":6}},{"start":{},"end":{}}],"line":73},"4":{"loc":{"start":{"line":82,"column":9},"end":{"line":228,"column":3}},"type":"cond-expr","locations":[{"start":{"line":83,"column":4},"end":{"line":83,"column":15}},{"start":{"line":85,"column":4},"end":{"line":227,"column":10}}],"line":82},"5":{"loc":{"start":{"line":111,"column":18},"end":{"line":119,"column":19}},"type":"if","locations":[{"start":{"line":111,"column":18},"end":{"line":119,"column":19}},{"start":{},"end":{}}],"line":111},"6":{"loc":{"start":{"line":186,"column":11},"end":{"line":210,"column":11}},"type":"cond-expr","locations":[{"start":{"line":187,"column":12},"end":{"line":187,"column":76}},{"start":{"line":190,"column":12},"end":{"line":209,"column":14}}],"line":186},"7":{"loc":{"start":{"line":186,"column":11},"end":{"line":186,"column":64}},"type":"binary-expr","locations":[{"start":{"line":186,"column":11},"end":{"line":186,"column":43}},{"start":{"line":186,"column":47},"end":{"line":186,"column":64}}],"line":186},"8":{"loc":{"start":{"line":196,"column":17},"end":{"line":206,"column":17}},"type":"cond-expr","locations":[{"start":{"line":197,"column":18},"end":{"line":200,"column":20}},{"start":{"line":202,"column":18},"end":{"line":205,"column":20}}],"line":196},"9":{"loc":{"start":{"line":214,"column":9},"end":{"line":225,"column":9}},"type":"binary-expr","locations":[{"start":{"line":214,"column":9},"end":{"line":214,"column":16}},{"start":{"line":215,"column":10},"end":{"line":224,"column":16}}],"line":214}},"s":{"0":1,"1":2,"2":2,"3":2,"4":2,"5":2,"6":2,"7":2,"8":2,"9":1,"10":2,"11":1,"12":1,"13":1,"14":1,"15":1,"16":0,"17":0,"18":1,"19":1,"20":1,"21":1,"22":1,"23":1,"24":0,"25":2,"26":0,"27":0,"28":2,"29":2,"30":0,"31":2,"32":0,"33":0,"34":0,"35":0,"36":0,"37":0,"38":0,"39":0,"40":0,"41":0,"42":0,"43":0,"44":0,"45":0,"46":0,"47":0,"48":0,"49":0},"f":{"0":2,"1":1,"2":1,"3":1,"4":1,"5":0,"6":0,"7":0,"8":0,"9":0,"10":0,"11":0,"12":0,"13":0,"14":0,"15":0,"16":0,"17":0},"b":{"0":[0,1],"1":[1,1],"2":[0,0],"3":[0,2],"4":[2,0],"5":[0,0],"6":[0,0],"7":[0,0],"8":[0,0],"9":[0,0]},"_coverageSchema":"1a1c01bbd47fc00a2c39e90264f33305004495a9","hash":"d02086fc3815fc4c3c2c5d4ae3b9efe302568ae2"}
,"D:\\F Drive\\My-Learnings\\namasthe-reactjs-projects\\reactjs-projects\\swiggy\\src\\components\\ContactUs.js": {"path":"D:\\F Drive\\My-Learnings\\namasthe-reactjs-projects\\reactjs-projects\\swiggy\\src\\components\\ContactUs.js","statementMap":{"0":{"start":{"line":7,"column":18},"end":{"line":75,"column":1}},"1":{"start":{"line":8,"column":2},"end":{"line":74,"column":4}}},"fnMap":{"0":{"name":"(anonymous_0)","decl":{"start":{"line":7,"column":18},"end":{"line":7,"column":19}},"loc":{"start":{"line":7,"column":24},"end":{"line":75,"column":1}},"line":7}},"branchMap":{},"s":{"0":1,"1":4},"f":{"0":4},"b":{},"_coverageSchema":"1a1c01bbd47fc00a2c39e90264f33305004495a9","hash":"b71a6ef65ea426c7b1cdb0b86b994f6731e2d274"}
,"D:\\F Drive\\My-Learnings\\namasthe-reactjs-projects\\reactjs-projects\\swiggy\\src\\components\\Header.js": {"path":"D:\\F Drive\\My-Learnings\\namasthe-reactjs-projects\\reactjs-projects\\swiggy\\src\\components\\Header.js","statementMap":{"0":{"start":{"line":11,"column":15},"end":{"line":147,"column":1}},"1":{"start":{"line":12,"column":42},"end":{"line":12,"column":59}},"2":{"start":{"line":13,"column":27},"end":{"line":13,"column":50}},"3":{"start":{"line":16,"column":23},"end":{"line":16,"column":40}},"4":{"start":{"line":19,"column":20},"end":{"line":19,"column":60}},"5":{"start":{"line":19,"column":43},"end":{"line":19,"column":59}},"6":{"start":{"line":22,"column":50},"end":{"line":22,"column":65}},"7":{"start":{"line":24,"column":21},"end":{"line":39,"column":3}},"8":{"start":{"line":25,"column":23},"end":{"line":25,"column":56}},"9":{"start":{"line":27,"column":4},"end":{"line":38,"column":6}},"10":{"start":{"line":41,"column":26},"end":{"line":63,"column":3}},"11":{"start":{"line":42,"column":4},"end":{"line":62,"column":6}},"12":{"start":{"line":52,"column":16},"end":{"line":54,"column":45}},"13":{"start":{"line":65,"column":2},"end":{"line":146,"column":4}},"14":{"start":{"line":114,"column":20},"end":{"line":116,"column":49}},"15":{"start":{"line":129,"column":36},"end":{"line":129,"column":61}},"16":{"start":{"line":130,"column":36},"end":{"line":130,"column":62}}},"fnMap":{"0":{"name":"(anonymous_0)","decl":{"start":{"line":11,"column":15},"end":{"line":11,"column":16}},"loc":{"start":{"line":11,"column":21},"end":{"line":147,"column":1}},"line":11},"1":{"name":"(anonymous_1)","decl":{"start":{"line":19,"column":32},"end":{"line":19,"column":33}},"loc":{"start":{"line":19,"column":43},"end":{"line":19,"column":59}},"line":19},"2":{"name":"(anonymous_2)","decl":{"start":{"line":24,"column":21},"end":{"line":24,"column":22}},"loc":{"start":{"line":24,"column":58},"end":{"line":39,"column":3}},"line":24},"3":{"name":"(anonymous_3)","decl":{"start":{"line":41,"column":26},"end":{"line":41,"column":27}},"loc":{"start":{"line":41,"column":32},"end":{"line":63,"column":3}},"line":41},"4":{"name":"(anonymous_4)","decl":{"start":{"line":51,"column":23},"end":{"line":51,"column":24}},"loc":{"start":{"line":51,"column":29},"end":{"line":55,"column":15}},"line":51},"5":{"name":"(anonymous_5)","decl":{"start":{"line":113,"column":27},"end":{"line":113,"column":28}},"loc":{"start":{"line":113,"column":33},"end":{"line":117,"column":19}},"line":113},"6":{"name":"(anonymous_6)","decl":{"start":{"line":129,"column":30},"end":{"line":129,"column":31}},"loc":{"start":{"line":129,"column":36},"end":{"line":129,"column":61}},"line":129},"7":{"name":"(anonymous_7)","decl":{"start":{"line":130,"column":30},"end":{"line":130,"column":31}},"loc":{"start":{"line":130,"column":36},"end":{"line":130,"column":62}},"line":130}},"branchMap":{"0":{"loc":{"start":{"line":25,"column":23},"end":{"line":25,"column":56}},"type":"binary-expr","locations":[{"start":{"line":25,"column":23},"end":{"line":25,"column":39}},{"start":{"line":25,"column":43},"end":{"line":25,"column":56}}],"line":25},"1":{"loc":{"start":{"line":30,"column":9},"end":{"line":36,"column":9}},"type":"binary-expr","locations":[{"start":{"line":30,"column":9},"end":{"line":30,"column":19}},{"start":{"line":31,"column":10},"end":{"line":35,"column":16}}],"line":30},"2":{"loc":{"start":{"line":52,"column":16},"end":{"line":54,"column":44}},"type":"cond-expr","locations":[{"start":{"line":53,"column":20},"end":{"line":53,"column":45}},{"start":{"line":54,"column":20},"end":{"line":54,"column":44}}],"line":52},"3":{"loc":{"start":{"line":104,"column":34},"end":{"line":104,"column":60}},"type":"cond-expr","locations":[{"start":{"line":104,"column":49},"end":{"line":104,"column":53}},{"start":{"line":104,"column":56},"end":{"line":104,"column":60}}],"line":104},"4":{"loc":{"start":{"line":114,"column":20},"end":{"line":116,"column":48}},"type":"cond-expr","locations":[{"start":{"line":115,"column":24},"end":{"line":115,"column":49}},{"start":{"line":116,"column":24},"end":{"line":116,"column":48}}],"line":114}},"s":{"0":1,"1":5,"2":5,"3":5,"4":5,"5":9,"6":5,"7":5,"8":5,"9":5,"10":5,"11":0,"12":0,"13":5,"14":1,"15":0,"16":0},"f":{"0":5,"1":9,"2":5,"3":0,"4":0,"5":1,"6":0,"7":0},"b":{"0":[5,0],"1":[5,0],"2":[0,0],"3":[5,0],"4":[1,0]},"_coverageSchema":"1a1c01bbd47fc00a2c39e90264f33305004495a9","hash":"a792999e7ca02e2d53ae506abba979c30ff9df89"}
,"D:\\F Drive\\My-Learnings\\namasthe-reactjs-projects\\reactjs-projects\\swiggy\\src\\components\\RestaurantCard.js": {"path":"D:\\F Drive\\My-Learnings\\namasthe-reactjs-projects\\reactjs-projects\\swiggy\\src\\components\\RestaurantCard.js","statementMap":{"0":{"start":{"line":5,"column":23},"end":{"line":44,"column":1}},"1":{"start":{"line":6,"column":22},"end":{"line":6,"column":27}},"2":{"start":{"line":16,"column":6},"end":{"line":16,"column":19}},"3":{"start":{"line":18,"column":2},"end":{"line":43,"column":4}},"4":{"start":{"line":46,"column":33},"end":{"line":57,"column":1}},"5":{"start":{"line":47,"column":2},"end":{"line":56,"column":4}},"6":{"start":{"line":48,"column":4},"end":{"line":55,"column":6}}},"fnMap":{"0":{"name":"(anonymous_0)","decl":{"start":{"line":5,"column":23},"end":{"line":5,"column":24}},"loc":{"start":{"line":5,"column":34},"end":{"line":44,"column":1}},"line":5},"1":{"name":"(anonymous_1)","decl":{"start":{"line":46,"column":33},"end":{"line":46,"column":34}},"loc":{"start":{"line":46,"column":53},"end":{"line":57,"column":1}},"line":46},"2":{"name":"(anonymous_2)","decl":{"start":{"line":47,"column":9},"end":{"line":47,"column":10}},"loc":{"start":{"line":47,"column":20},"end":{"line":56,"column":3}},"line":47}},"branchMap":{},"s":{"0":2,"1":2,"2":2,"3":2,"4":2,"5":3,"6":1},"f":{"0":2,"1":3,"2":1},"b":{},"_coverageSchema":"1a1c01bbd47fc00a2c39e90264f33305004495a9","hash":"5c3fb4ffc707dce299cdb13b900ea3e03cf88ef4"}
,"D:\\F Drive\\My-Learnings\\namasthe-reactjs-projects\\reactjs-projects\\swiggy\\src\\components\\Shimmer.js": {"path":"D:\\F Drive\\My-Learnings\\namasthe-reactjs-projects\\reactjs-projects\\swiggy\\src\\components\\Shimmer.js","statementMap":{"0":{"start":{"line":1,"column":16},"end":{"line":26,"column":1}},"1":{"start":{"line":2,"column":4},"end":{"line":25,"column":5}}},"fnMap":{"0":{"name":"(anonymous_0)","decl":{"start":{"line":1,"column":16},"end":{"line":1,"column":17}},"loc":{"start":{"line":1,"column":22},"end":{"line":26,"column":1}},"line":1}},"branchMap":{},"s":{"0":1,"1":2},"f":{"0":2},"b":{},"_coverageSchema":"1a1c01bbd47fc00a2c39e90264f33305004495a9","hash":"0e09fae43d5c9834ba7edbc27825974d87cffeab"}
,"D:\\F Drive\\My-Learnings\\namasthe-reactjs-projects\\reactjs-projects\\swiggy\\src\\components\\Sum.js": {"path":"D:\\F Drive\\My-Learnings\\namasthe-reactjs-projects\\reactjs-projects\\swiggy\\src\\components\\Sum.js","statementMap":{"0":{"start":{"line":1,"column":19},"end":{"line":3,"column":1}},"1":{"start":{"line":2,"column":2},"end":{"line":2,"column":15}}},"fnMap":{"0":{"name":"(anonymous_0)","decl":{"start":{"line":1,"column":19},"end":{"line":1,"column":20}},"loc":{"start":{"line":1,"column":29},"end":{"line":3,"column":1}},"line":1}},"branchMap":{},"s":{"0":1,"1":1},"f":{"0":1},"b":{},"_coverageSchema":"1a1c01bbd47fc00a2c39e90264f33305004495a9","hash":"dd2a6e4893020e71d8be8def654ca72609965cc0"}
,"D:\\F Drive\\My-Learnings\\namasthe-reactjs-projects\\reactjs-projects\\swiggy\\src\\utils\\UserContext.js": {"path":"D:\\F Drive\\My-Learnings\\namasthe-reactjs-projects\\reactjs-projects\\swiggy\\src\\utils\\UserContext.js","statementMap":{"0":{"start":{"line":4,"column":20},"end":{"line":8,"column":2}}},"fnMap":{},"branchMap":{},"s":{"0":1},"f":{},"b":{},"_coverageSchema":"1a1c01bbd47fc00a2c39e90264f33305004495a9","hash":"f79fd46aa3842bedbfbaa0fadad3e941e389243f"}
,"D:\\F Drive\\My-Learnings\\namasthe-reactjs-projects\\reactjs-projects\\swiggy\\src\\utils\\appStore.js": {"path":"D:\\F Drive\\My-Learnings\\namasthe-reactjs-projects\\reactjs-projects\\swiggy\\src\\utils\\appStore.js","statementMap":{"0":{"start":{"line":4,"column":17},"end":{"line":8,"column":2}}},"fnMap":{},"branchMap":{},"s":{"0":1},"f":{},"b":{},"_coverageSchema":"1a1c01bbd47fc00a2c39e90264f33305004495a9","hash":"3672088bf74f989ec7bd77a60e6dee406f59bdf7"}
,"D:\\F Drive\\My-Learnings\\namasthe-reactjs-projects\\reactjs-projects\\swiggy\\src\\utils\\cartSlice.js": {"path":"D:\\F Drive\\My-Learnings\\namasthe-reactjs-projects\\reactjs-projects\\swiggy\\src\\utils\\cartSlice.js","statementMap":{"0":{"start":{"line":3,"column":18},"end":{"line":19,"column":2}},"1":{"start":{"line":10,"column":6},"end":{"line":10,"column":39}},"2":{"start":{"line":13,"column":6},"end":{"line":13,"column":24}},"3":{"start":{"line":16,"column":6},"end":{"line":16,"column":29}},"4":{"start":{"line":21,"column":50},"end":{"line":21,"column":67}}},"fnMap":{"0":{"name":"(anonymous_0)","decl":{"start":{"line":9,"column":13},"end":{"line":9,"column":14}},"loc":{"start":{"line":9,"column":32},"end":{"line":11,"column":5}},"line":9},"1":{"name":"(anonymous_1)","decl":{"start":{"line":12,"column":16},"end":{"line":12,"column":17}},"loc":{"start":{"line":12,"column":35},"end":{"line":14,"column":5}},"line":12},"2":{"name":"(anonymous_2)","decl":{"start":{"line":15,"column":15},"end":{"line":15,"column":16}},"loc":{"start":{"line":15,"column":26},"end":{"line":17,"column":5}},"line":15}},"branchMap":{},"s":{"0":1,"1":0,"2":0,"3":0,"4":1},"f":{"0":0,"1":0,"2":0},"b":{},"_coverageSchema":"1a1c01bbd47fc00a2c39e90264f33305004495a9","hash":"ebdee32b87d7b8590421e96c9313322b32241d93"}
,"D:\\F Drive\\My-Learnings\\namasthe-reactjs-projects\\reactjs-projects\\swiggy\\src\\utils\\constants.js": {"path":"D:\\F Drive\\My-Learnings\\namasthe-reactjs-projects\\reactjs-projects\\swiggy\\src\\utils\\constants.js","statementMap":{"0":{"start":{"line":1,"column":23},"end":{"line":1,"column":106}},"1":{"start":{"line":2,"column":24},"end":{"line":2,"column":121}},"2":{"start":{"line":4,"column":24},"end":{"line":4,"column":143}}},"fnMap":{},"branchMap":{},"s":{"0":3,"1":3,"2":3},"f":{},"b":{},"_coverageSchema":"1a1c01bbd47fc00a2c39e90264f33305004495a9","hash":"7ad5262b0febecc164201238f070ffa6b4a8d61b"}
,"D:\\F Drive\\My-Learnings\\namasthe-reactjs-projects\\reactjs-projects\\swiggy\\src\\utils\\useOnlineStatus.js": {"path":"D:\\F Drive\\My-Learnings\\namasthe-reactjs-projects\\reactjs-projects\\swiggy\\src\\utils\\useOnlineStatus.js","statementMap":{"0":{"start":{"line":3,"column":24},"end":{"line":22,"column":1}},"1":{"start":{"line":5,"column":44},"end":{"line":5,"column":58}},"2":{"start":{"line":8,"column":4},"end":{"line":16,"column":9}},"3":{"start":{"line":9,"column":8},"end":{"line":11,"column":11}},"4":{"start":{"line":10,"column":12},"end":{"line":10,"column":34}},"5":{"start":{"line":13,"column":8},"end":{"line":15,"column":11}},"6":{"start":{"line":14,"column":12},"end":{"line":14,"column":33}},"7":{"start":{"line":21,"column":4},"end":{"line":21,"column":24}}},"fnMap":{"0":{"name":"(anonymous_0)","decl":{"start":{"line":3,"column":24},"end":{"line":3,"column":25}},"loc":{"start":{"line":3,"column":30},"end":{"line":22,"column":1}},"line":3},"1":{"name":"(anonymous_1)","decl":{"start":{"line":8,"column":14},"end":{"line":8,"column":15}},"loc":{"start":{"line":8,"column":19},"end":{"line":16,"column":5}},"line":8},"2":{"name":"(anonymous_2)","decl":{"start":{"line":9,"column":43},"end":{"line":9,"column":44}},"loc":{"start":{"line":9,"column":54},"end":{"line":11,"column":9}},"line":9},"3":{"name":"(anonymous_3)","decl":{"start":{"line":13,"column":42},"end":{"line":13,"column":43}},"loc":{"start":{"line":13,"column":53},"end":{"line":15,"column":9}},"line":13}},"branchMap":{},"s":{"0":2,"1":7,"2":7,"3":5,"4":0,"5":5,"6":0,"7":7},"f":{"0":7,"1":5,"2":0,"3":0},"b":{},"_coverageSchema":"1a1c01bbd47fc00a2c39e90264f33305004495a9","hash":"c34cbc3e7a00da1ed717c0f9ed8f77f47d0b59f6"}
}
