{"D:\\F Drive\\My-Learnings\\namasthe-reactjs-projects\\reactjs-projects\\swiggy\\src\\components\\ContactUs.js": {"path":"D:\\F Drive\\My-Learnings\\namasthe-reactjs-projects\\reactjs-projects\\swiggy\\src\\components\\ContactUs.js","statementMap":{"0":{"start":{"line":7,"column":18},"end":{"line":75,"column":1}},"1":{"start":{"line":8,"column":2},"end":{"line":74,"column":4}}},"fnMap":{"0":{"name":"(anonymous_0)","decl":{"start":{"line":7,"column":18},"end":{"line":7,"column":19}},"loc":{"start":{"line":7,"column":24},"end":{"line":75,"column":1}},"line":7}},"branchMap":{},"s":{"0":1,"1":1},"f":{"0":1},"b":{},"_coverageSchema":"1a1c01bbd47fc00a2c39e90264f33305004495a9","hash":"b71a6ef65ea426c7b1cdb0b86b994f6731e2d274"}
,"D:\\F Drive\\My-Learnings\\namasthe-reactjs-projects\\reactjs-projects\\swiggy\\src\\components\\Sum.js": {"path":"D:\\F Drive\\My-Learnings\\namasthe-reactjs-projects\\reactjs-projects\\swiggy\\src\\components\\Sum.js","statementMap":{"0":{"start":{"line":1,"column":19},"end":{"line":3,"column":1}},"1":{"start":{"line":2,"column":2},"end":{"line":2,"column":15}}},"fnMap":{"0":{"name":"(anonymous_0)","decl":{"start":{"line":1,"column":19},"end":{"line":1,"column":20}},"loc":{"start":{"line":1,"column":29},"end":{"line":3,"column":1}},"line":1}},"branchMap":{},"s":{"0":1,"1":1},"f":{"0":1},"b":{},"_coverageSchema":"1a1c01bbd47fc00a2c39e90264f33305004495a9","hash":"dd2a6e4893020e71d8be8def654ca72609965cc0"}
}
